[2019-02-23 17:00:57] local.DEBUG: Message-ID: <0a9aa4bb59e190a5dc858480fef50c1c@larabbs.test>
Date: Sat, 23 Feb 2019 17:00:56 +0800
Subject: =?utf-8?Q?=E9=AA=8C=E8=AF=81?= E-mail
From: Example <hello@example.com>
To: larabbs@liyao.uu.me
MIME-Version: 1.0
Content-Type: multipart/alternative;
 boundary="_=_swift_1550912457_8a5de0214cc28c89afee14af26a32ad6_=_"

<!DOCTYPE html PUBLIC "-//W3C//DTD XHTML 1.0 Transitional//EN" "http://www.w3.org/TR/xhtml1/DTD/xhtml1-transitional.dtd">
<html xmlns="http://www.w3.org/1999/xhtml">
<head>
<meta name="viewport" content="width=device-width, initial-scale=1.0">
<meta http-equiv="Content-Type" content="text/html; charset=UTF-8">
</head>
<body style="font-family: Avenir, Helvetica, sans-serif; box-sizing: border-box; background-color: #f5f8fa; color: #74787E; height: 100%; hyphens: auto; line-height: 1.4; margin: 0; -moz-hyphens: auto; -ms-word-break: break-all; width: 100% !important; -webkit-hyphens: auto; -webkit-text-size-adjust: none; word-break: break-word;">
    <style>
        @media  only screen and (max-width: 600px) {
            .inner-body {
                width: 100% !important;
            }

            .footer {
                width: 100% !important;
            }
        }

        @media  only screen and (max-width: 500px) {
            .button {
                width: 100% !important;
            }
        }
    </style>
<table class="wrapper" width="100%" cellpadding="0" cellspacing="0" style="font-family: Avenir, Helvetica, sans-serif; box-sizing: border-box; background-color: #f5f8fa; margin: 0; padding: 0; width: 100%; -premailer-cellpadding: 0; -premailer-cellspacing: 0; -premailer-width: 100%;"><tr>
<td align="center" style="font-family: Avenir, Helvetica, sans-serif; box-sizing: border-box;">
                <table class="content" width="100%" cellpadding="0" cellspacing="0" style="font-family: Avenir, Helvetica, sans-serif; box-sizing: border-box; margin: 0; padding: 0; width: 100%; -premailer-cellpadding: 0; -premailer-cellspacing: 0; -premailer-width: 100%;">
<tr>
<td class="header" style="font-family: Avenir, Helvetica, sans-serif; box-sizing: border-box; padding: 25px 0; text-align: center;">
        <a href="http://larabbs.test" style="font-family: Avenir, Helvetica, sans-serif; box-sizing: border-box; color: #bbbfc3; font-size: 19px; font-weight: bold; text-decoration: none; text-shadow: 0 1px 0 white;">
            LaraBBS
        </a>
    </td>
</tr>
<!-- Email Body --><tr>
<td class="body" width="100%" cellpadding="0" cellspacing="0" style="font-family: Avenir, Helvetica, sans-serif; box-sizing: border-box; background-color: #FFFFFF; border-bottom: 1px solid #EDEFF2; border-top: 1px solid #EDEFF2; margin: 0; padding: 0; width: 100%; -premailer-cellpadding: 0; -premailer-cellspacing: 0; -premailer-width: 100%;">
                            <table class="inner-body" align="center" width="570" cellpadding="0" cellspacing="0" style="font-family: Avenir, Helvetica, sans-serif; box-sizing: border-box; background-color: #FFFFFF; margin: 0 auto; padding: 0; width: 570px; -premailer-cellpadding: 0; -premailer-cellspacing: 0; -premailer-width: 570px;">
<!-- Body content --><tr>
<td class="content-cell" style="font-family: Avenir, Helvetica, sans-serif; box-sizing: border-box; padding: 35px;">
                                        <h1 style="font-family: Avenir, Helvetica, sans-serif; box-sizing: border-box; color: #2F3133; font-size: 19px; font-weight: bold; margin-top: 0; text-align: left;">您好：</h1>
<p style="font-family: Avenir, Helvetica, sans-serif; box-sizing: border-box; color: #74787E; font-size: 16px; line-height: 1.5em; margin-top: 0; text-align: left;">请点击下面按钮验证您的 E-mail：</p>
<table class="action" align="center" width="100%" cellpadding="0" cellspacing="0" style="font-family: Avenir, Helvetica, sans-serif; box-sizing: border-box; margin: 30px auto; padding: 0; text-align: center; width: 100%; -premailer-cellpadding: 0; -premailer-cellspacing: 0; -premailer-width: 100%;"><tr>
<td align="center" style="font-family: Avenir, Helvetica, sans-serif; box-sizing: border-box;">
            <table width="100%" border="0" cellpadding="0" cellspacing="0" style="font-family: Avenir, Helvetica, sans-serif; box-sizing: border-box;"><tr>
<td align="center" style="font-family: Avenir, Helvetica, sans-serif; box-sizing: border-box;">
                        <table border="0" cellpadding="0" cellspacing="0" style="font-family: Avenir, Helvetica, sans-serif; box-sizing: border-box;"><tr>
<td style="font-family: Avenir, Helvetica, sans-serif; box-sizing: border-box;">
                                    <a href="http://larabbs.test/email/verify/1?expires=1550916055&amp;signature=d239b8df6c0b2fcecd534e11f8ecd24b2fa70b6962fb0ad94254ac7edd35d5a5" class="button button-primary" target="_blank" style="font-family: Avenir, Helvetica, sans-serif; box-sizing: border-box; border-radius: 3px; box-shadow: 0 2px 3px rgba(0, 0, 0, 0.16); color: #FFF; display: inline-block; text-decoration: none; -webkit-text-size-adjust: none; background-color: #3097D1; border-top: 10px solid #3097D1; border-right: 18px solid #3097D1; border-bottom: 10px solid #3097D1; border-left: 18px solid #3097D1;">验证 E-mail</a>
                                </td>
                            </tr></table>
</td>
                </tr></table>
</td>
    </tr></table>
<p style="font-family: Avenir, Helvetica, sans-serif; box-sizing: border-box; color: #74787E; font-size: 16px; line-height: 1.5em; margin-top: 0; text-align: left;">如果您未注册帐号，请忽略此邮件。</p>
<p style="font-family: Avenir, Helvetica, sans-serif; box-sizing: border-box; color: #74787E; font-size: 16px; line-height: 1.5em; margin-top: 0; text-align: left;">致敬,<br>LaraBBS</p>
<table class="subcopy" width="100%" cellpadding="0" cellspacing="0" style="font-family: Avenir, Helvetica, sans-serif; box-sizing: border-box; border-top: 1px solid #EDEFF2; margin-top: 25px; padding-top: 25px;"><tr>
<td style="font-family: Avenir, Helvetica, sans-serif; box-sizing: border-box;">
            <p style="font-family: Avenir, Helvetica, sans-serif; box-sizing: border-box; color: #74787E; line-height: 1.5em; margin-top: 0; text-align: left; font-size: 12px;">如果您点击「验证 E-mail」按钮时出现问题，请复制下方链接到浏览器中开启： <a href="http://larabbs.test/email/verify/1?expires=1550916055&amp;signature=d239b8df6c0b2fcecd534e11f8ecd24b2fa70b6962fb0ad94254ac7edd35d5a5" style="font-family: Avenir, Helvetica, sans-serif; box-sizing: border-box; color: #3869D4;">http://larabbs.test/email/verify/1?expires=1550916055&amp;signature=d239b8df6c0b2fcecd534e11f8ecd24b2fa70b6962fb0ad94254ac7edd35d5a5</a></p>
        </td>
    </tr></table>
</td>
                                </tr>
</table>
</td>
                    </tr>
<tr>
<td style="font-family: Avenir, Helvetica, sans-serif; box-sizing: border-box;">
        <table class="footer" align="center" width="570" cellpadding="0" cellspacing="0" style="font-family: Avenir, Helvetica, sans-serif; box-sizing: border-box; margin: 0 auto; padding: 0; text-align: center; width: 570px; -premailer-cellpadding: 0; -premailer-cellspacing: 0; -premailer-width: 570px;"><tr>
<td class="content-cell" align="center" style="font-family: Avenir, Helvetica, sans-serif; box-sizing: border-box; padding: 35px;">
                    <p style="font-family: Avenir, Helvetica, sans-serif; box-sizing: border-box; line-height: 1.5em; margin-top: 0; color: #AEAEAE; font-size: 12px; text-align: center;">© 2019 LaraBBS. 版本所有。</p>
                </td>
            </tr></table>
</td>
</tr>
</table>
</td>
        </tr></table>
</body>
</html>

Content-Type: text/plain; charset=utf-8
Content-Transfer-Encoding: quoted-printable

[LaraBBS](http://larabbs.test)

# 您好：

请点击下面按钮验证您的 E-mail：

验证 E-mail: http://larabbs.test/email/verify/1?expires=1550916055&signature=d239b8df6c0b2fcecd534e11f8ecd24b2fa70b6962fb0ad94254ac7edd35d5a5

如果您未注册帐号，请忽略此邮件。

致敬,LaraBBS

如果您点击「验证 E-mail」按钮时出现问题，请复制下方链接到浏览器中开启： [http://larabbs.test/email/verify/1?expires=1550916055&signature=d239b8df6c0b2fcecd534e11f8ecd24b2fa70b6962fb0ad94254ac7edd35d5a5](http://larabbs.test/email/verify/1?expires=1550916055&signature=d239b8df6c0b2fcecd534e11f8ecd24b2fa70b6962fb0ad94254ac7edd35d5a5)

© 2019 LaraBBS. 版本所有。
  
[2019-02-23 18:40:59] local.DEBUG: Message-ID: <424e20abe559fd50ab66664e9420b131@larabbs.test>
Date: Sat, 23 Feb 2019 18:40:58 +0800
Subject: =?utf-8?Q?=E9=AA=8C=E8=AF=81?= E-mail
From: Example <hello@example.com>
To: 86332603@qq.com
MIME-Version: 1.0
Content-Type: multipart/alternative;
 boundary="_=_swift_1550918458_317abd101196e10b8a7daa799e8d44dc_=_"

<!DOCTYPE html PUBLIC "-//W3C//DTD XHTML 1.0 Transitional//EN" "http://www.w3.org/TR/xhtml1/DTD/xhtml1-transitional.dtd">
<html xmlns="http://www.w3.org/1999/xhtml">
<head>
<meta name="viewport" content="width=device-width, initial-scale=1.0">
<meta http-equiv="Content-Type" content="text/html; charset=UTF-8">
</head>
<body style="font-family: Avenir, Helvetica, sans-serif; box-sizing: border-box; background-color: #f5f8fa; color: #74787E; height: 100%; hyphens: auto; line-height: 1.4; margin: 0; -moz-hyphens: auto; -ms-word-break: break-all; width: 100% !important; -webkit-hyphens: auto; -webkit-text-size-adjust: none; word-break: break-word;">
    <style>
        @media  only screen and (max-width: 600px) {
            .inner-body {
                width: 100% !important;
            }

            .footer {
                width: 100% !important;
            }
        }

        @media  only screen and (max-width: 500px) {
            .button {
                width: 100% !important;
            }
        }
    </style>
<table class="wrapper" width="100%" cellpadding="0" cellspacing="0" style="font-family: Avenir, Helvetica, sans-serif; box-sizing: border-box; background-color: #f5f8fa; margin: 0; padding: 0; width: 100%; -premailer-cellpadding: 0; -premailer-cellspacing: 0; -premailer-width: 100%;"><tr>
<td align="center" style="font-family: Avenir, Helvetica, sans-serif; box-sizing: border-box;">
                <table class="content" width="100%" cellpadding="0" cellspacing="0" style="font-family: Avenir, Helvetica, sans-serif; box-sizing: border-box; margin: 0; padding: 0; width: 100%; -premailer-cellpadding: 0; -premailer-cellspacing: 0; -premailer-width: 100%;">
<tr>
<td class="header" style="font-family: Avenir, Helvetica, sans-serif; box-sizing: border-box; padding: 25px 0; text-align: center;">
        <a href="http://larabbs.test" style="font-family: Avenir, Helvetica, sans-serif; box-sizing: border-box; color: #bbbfc3; font-size: 19px; font-weight: bold; text-decoration: none; text-shadow: 0 1px 0 white;">
            LaraBBS
        </a>
    </td>
</tr>
<!-- Email Body --><tr>
<td class="body" width="100%" cellpadding="0" cellspacing="0" style="font-family: Avenir, Helvetica, sans-serif; box-sizing: border-box; background-color: #FFFFFF; border-bottom: 1px solid #EDEFF2; border-top: 1px solid #EDEFF2; margin: 0; padding: 0; width: 100%; -premailer-cellpadding: 0; -premailer-cellspacing: 0; -premailer-width: 100%;">
                            <table class="inner-body" align="center" width="570" cellpadding="0" cellspacing="0" style="font-family: Avenir, Helvetica, sans-serif; box-sizing: border-box; background-color: #FFFFFF; margin: 0 auto; padding: 0; width: 570px; -premailer-cellpadding: 0; -premailer-cellspacing: 0; -premailer-width: 570px;">
<!-- Body content --><tr>
<td class="content-cell" style="font-family: Avenir, Helvetica, sans-serif; box-sizing: border-box; padding: 35px;">
                                        <h1 style="font-family: Avenir, Helvetica, sans-serif; box-sizing: border-box; color: #2F3133; font-size: 19px; font-weight: bold; margin-top: 0; text-align: left;">您好：</h1>
<p style="font-family: Avenir, Helvetica, sans-serif; box-sizing: border-box; color: #74787E; font-size: 16px; line-height: 1.5em; margin-top: 0; text-align: left;">请点击下面按钮验证您的 E-mail：</p>
<table class="action" align="center" width="100%" cellpadding="0" cellspacing="0" style="font-family: Avenir, Helvetica, sans-serif; box-sizing: border-box; margin: 30px auto; padding: 0; text-align: center; width: 100%; -premailer-cellpadding: 0; -premailer-cellspacing: 0; -premailer-width: 100%;"><tr>
<td align="center" style="font-family: Avenir, Helvetica, sans-serif; box-sizing: border-box;">
            <table width="100%" border="0" cellpadding="0" cellspacing="0" style="font-family: Avenir, Helvetica, sans-serif; box-sizing: border-box;"><tr>
<td align="center" style="font-family: Avenir, Helvetica, sans-serif; box-sizing: border-box;">
                        <table border="0" cellpadding="0" cellspacing="0" style="font-family: Avenir, Helvetica, sans-serif; box-sizing: border-box;"><tr>
<td style="font-family: Avenir, Helvetica, sans-serif; box-sizing: border-box;">
                                    <a href="http://larabbs.test/email/verify/1?expires=1550922057&amp;signature=0e0e79358d7a16d08c9ed743316451af561da1b6474bfeadcf4ea530e114a797" class="button button-primary" target="_blank" style="font-family: Avenir, Helvetica, sans-serif; box-sizing: border-box; border-radius: 3px; box-shadow: 0 2px 3px rgba(0, 0, 0, 0.16); color: #FFF; display: inline-block; text-decoration: none; -webkit-text-size-adjust: none; background-color: #3097D1; border-top: 10px solid #3097D1; border-right: 18px solid #3097D1; border-bottom: 10px solid #3097D1; border-left: 18px solid #3097D1;">验证 E-mail</a>
                                </td>
                            </tr></table>
</td>
                </tr></table>
</td>
    </tr></table>
<p style="font-family: Avenir, Helvetica, sans-serif; box-sizing: border-box; color: #74787E; font-size: 16px; line-height: 1.5em; margin-top: 0; text-align: left;">如果您未注册帐号，请忽略此邮件。</p>
<p style="font-family: Avenir, Helvetica, sans-serif; box-sizing: border-box; color: #74787E; font-size: 16px; line-height: 1.5em; margin-top: 0; text-align: left;">致敬,<br>LaraBBS</p>
<table class="subcopy" width="100%" cellpadding="0" cellspacing="0" style="font-family: Avenir, Helvetica, sans-serif; box-sizing: border-box; border-top: 1px solid #EDEFF2; margin-top: 25px; padding-top: 25px;"><tr>
<td style="font-family: Avenir, Helvetica, sans-serif; box-sizing: border-box;">
            <p style="font-family: Avenir, Helvetica, sans-serif; box-sizing: border-box; color: #74787E; line-height: 1.5em; margin-top: 0; text-align: left; font-size: 12px;">如果您点击「验证 E-mail」按钮时出现问题，请复制下方链接到浏览器中开启： <a href="http://larabbs.test/email/verify/1?expires=1550922057&amp;signature=0e0e79358d7a16d08c9ed743316451af561da1b6474bfeadcf4ea530e114a797" style="font-family: Avenir, Helvetica, sans-serif; box-sizing: border-box; color: #3869D4;">http://larabbs.test/email/verify/1?expires=1550922057&amp;signature=0e0e79358d7a16d08c9ed743316451af561da1b6474bfeadcf4ea530e114a797</a></p>
        </td>
    </tr></table>
</td>
                                </tr>
</table>
</td>
                    </tr>
<tr>
<td style="font-family: Avenir, Helvetica, sans-serif; box-sizing: border-box;">
        <table class="footer" align="center" width="570" cellpadding="0" cellspacing="0" style="font-family: Avenir, Helvetica, sans-serif; box-sizing: border-box; margin: 0 auto; padding: 0; text-align: center; width: 570px; -premailer-cellpadding: 0; -premailer-cellspacing: 0; -premailer-width: 570px;"><tr>
<td class="content-cell" align="center" style="font-family: Avenir, Helvetica, sans-serif; box-sizing: border-box; padding: 35px;">
                    <p style="font-family: Avenir, Helvetica, sans-serif; box-sizing: border-box; line-height: 1.5em; margin-top: 0; color: #AEAEAE; font-size: 12px; text-align: center;">© 2019 LaraBBS. 版本所有。</p>
                </td>
            </tr></table>
</td>
</tr>
</table>
</td>
        </tr></table>
</body>
</html>

Content-Type: text/plain; charset=utf-8
Content-Transfer-Encoding: quoted-printable

[LaraBBS](http://larabbs.test)

# 您好：

请点击下面按钮验证您的 E-mail：

验证 E-mail: http://larabbs.test/email/verify/1?expires=1550922057&signature=0e0e79358d7a16d08c9ed743316451af561da1b6474bfeadcf4ea530e114a797

如果您未注册帐号，请忽略此邮件。

致敬,LaraBBS

如果您点击「验证 E-mail」按钮时出现问题，请复制下方链接到浏览器中开启： [http://larabbs.test/email/verify/1?expires=1550922057&signature=0e0e79358d7a16d08c9ed743316451af561da1b6474bfeadcf4ea530e114a797](http://larabbs.test/email/verify/1?expires=1550922057&signature=0e0e79358d7a16d08c9ed743316451af561da1b6474bfeadcf4ea530e114a797)

© 2019 LaraBBS. 版本所有。
  
[2019-02-23 20:05:00] local.DEBUG: Message-ID: <69de0e017b52df26535dd6d65ba3e45f@larabbs.test>
Date: Sat, 23 Feb 2019 20:05:00 +0800
Subject: =?utf-8?Q?=E9=87=8D=E8=AE=BE=E5=AF=86=E7=A0=81?=
 =?utf-8?Q?=E9=80=9A=E7=9F=A5?=
From: Example <hello@example.com>
To: 86332603@qq.com
MIME-Version: 1.0
Content-Type: multipart/alternative;
 boundary="_=_swift_1550923500_9c49966959dd260d2db4a76c4c43a5f5_=_"

<!DOCTYPE html PUBLIC "-//W3C//DTD XHTML 1.0 Transitional//EN" "http://www.w3.org/TR/xhtml1/DTD/xhtml1-transitional.dtd">
<html xmlns="http://www.w3.org/1999/xhtml">
<head>
<meta name="viewport" content="width=device-width, initial-scale=1.0">
<meta http-equiv="Content-Type" content="text/html; charset=UTF-8">
</head>
<body style="font-family: Avenir, Helvetica, sans-serif; box-sizing: border-box; background-color: #f5f8fa; color: #74787E; height: 100%; hyphens: auto; line-height: 1.4; margin: 0; -moz-hyphens: auto; -ms-word-break: break-all; width: 100% !important; -webkit-hyphens: auto; -webkit-text-size-adjust: none; word-break: break-word;">
    <style>
        @media  only screen and (max-width: 600px) {
            .inner-body {
                width: 100% !important;
            }

            .footer {
                width: 100% !important;
            }
        }

        @media  only screen and (max-width: 500px) {
            .button {
                width: 100% !important;
            }
        }
    </style>
<table class="wrapper" width="100%" cellpadding="0" cellspacing="0" style="font-family: Avenir, Helvetica, sans-serif; box-sizing: border-box; background-color: #f5f8fa; margin: 0; padding: 0; width: 100%; -premailer-cellpadding: 0; -premailer-cellspacing: 0; -premailer-width: 100%;"><tr>
<td align="center" style="font-family: Avenir, Helvetica, sans-serif; box-sizing: border-box;">
                <table class="content" width="100%" cellpadding="0" cellspacing="0" style="font-family: Avenir, Helvetica, sans-serif; box-sizing: border-box; margin: 0; padding: 0; width: 100%; -premailer-cellpadding: 0; -premailer-cellspacing: 0; -premailer-width: 100%;">
<tr>
<td class="header" style="font-family: Avenir, Helvetica, sans-serif; box-sizing: border-box; padding: 25px 0; text-align: center;">
        <a href="http://larabbs.test" style="font-family: Avenir, Helvetica, sans-serif; box-sizing: border-box; color: #bbbfc3; font-size: 19px; font-weight: bold; text-decoration: none; text-shadow: 0 1px 0 white;">
            LaraBBS
        </a>
    </td>
</tr>
<!-- Email Body --><tr>
<td class="body" width="100%" cellpadding="0" cellspacing="0" style="font-family: Avenir, Helvetica, sans-serif; box-sizing: border-box; background-color: #FFFFFF; border-bottom: 1px solid #EDEFF2; border-top: 1px solid #EDEFF2; margin: 0; padding: 0; width: 100%; -premailer-cellpadding: 0; -premailer-cellspacing: 0; -premailer-width: 100%;">
                            <table class="inner-body" align="center" width="570" cellpadding="0" cellspacing="0" style="font-family: Avenir, Helvetica, sans-serif; box-sizing: border-box; background-color: #FFFFFF; margin: 0 auto; padding: 0; width: 570px; -premailer-cellpadding: 0; -premailer-cellspacing: 0; -premailer-width: 570px;">
<!-- Body content --><tr>
<td class="content-cell" style="font-family: Avenir, Helvetica, sans-serif; box-sizing: border-box; padding: 35px;">
                                        <h1 style="font-family: Avenir, Helvetica, sans-serif; box-sizing: border-box; color: #2F3133; font-size: 19px; font-weight: bold; margin-top: 0; text-align: left;">您好：</h1>
<p style="font-family: Avenir, Helvetica, sans-serif; box-sizing: border-box; color: #74787E; font-size: 16px; line-height: 1.5em; margin-top: 0; text-align: left;">您收到此电子邮件是因为我们收到了您帐户的密码重设请求。</p>
<table class="action" align="center" width="100%" cellpadding="0" cellspacing="0" style="font-family: Avenir, Helvetica, sans-serif; box-sizing: border-box; margin: 30px auto; padding: 0; text-align: center; width: 100%; -premailer-cellpadding: 0; -premailer-cellspacing: 0; -premailer-width: 100%;"><tr>
<td align="center" style="font-family: Avenir, Helvetica, sans-serif; box-sizing: border-box;">
            <table width="100%" border="0" cellpadding="0" cellspacing="0" style="font-family: Avenir, Helvetica, sans-serif; box-sizing: border-box;"><tr>
<td align="center" style="font-family: Avenir, Helvetica, sans-serif; box-sizing: border-box;">
                        <table border="0" cellpadding="0" cellspacing="0" style="font-family: Avenir, Helvetica, sans-serif; box-sizing: border-box;"><tr>
<td style="font-family: Avenir, Helvetica, sans-serif; box-sizing: border-box;">
                                    <a href="http://larabbs.test/password/reset/74ac4b07e71da7583c7d98f82c5ee141efb10ea1217959c696dbce7a267c8600" class="button button-primary" target="_blank" style="font-family: Avenir, Helvetica, sans-serif; box-sizing: border-box; border-radius: 3px; box-shadow: 0 2px 3px rgba(0, 0, 0, 0.16); color: #FFF; display: inline-block; text-decoration: none; -webkit-text-size-adjust: none; background-color: #3097D1; border-top: 10px solid #3097D1; border-right: 18px solid #3097D1; border-bottom: 10px solid #3097D1; border-left: 18px solid #3097D1;">重设密码</a>
                                </td>
                            </tr></table>
</td>
                </tr></table>
</td>
    </tr></table>
<p style="font-family: Avenir, Helvetica, sans-serif; box-sizing: border-box; color: #74787E; font-size: 16px; line-height: 1.5em; margin-top: 0; text-align: left;">This password reset link will expire in 60 minutes.</p>
<p style="font-family: Avenir, Helvetica, sans-serif; box-sizing: border-box; color: #74787E; font-size: 16px; line-height: 1.5em; margin-top: 0; text-align: left;">如果您未申请重设密码，请忽略此邮件。</p>
<p style="font-family: Avenir, Helvetica, sans-serif; box-sizing: border-box; color: #74787E; font-size: 16px; line-height: 1.5em; margin-top: 0; text-align: left;">致敬,<br>LaraBBS</p>
<table class="subcopy" width="100%" cellpadding="0" cellspacing="0" style="font-family: Avenir, Helvetica, sans-serif; box-sizing: border-box; border-top: 1px solid #EDEFF2; margin-top: 25px; padding-top: 25px;"><tr>
<td style="font-family: Avenir, Helvetica, sans-serif; box-sizing: border-box;">
            <p style="font-family: Avenir, Helvetica, sans-serif; box-sizing: border-box; color: #74787E; line-height: 1.5em; margin-top: 0; text-align: left; font-size: 12px;">如果您点击「重设密码」按钮时出现问题，请复制下方链接到浏览器中开启： <a href="http://larabbs.test/password/reset/74ac4b07e71da7583c7d98f82c5ee141efb10ea1217959c696dbce7a267c8600" style="font-family: Avenir, Helvetica, sans-serif; box-sizing: border-box; color: #3869D4;">http://larabbs.test/password/reset/74ac4b07e71da7583c7d98f82c5ee141efb10ea1217959c696dbce7a267c8600</a></p>
        </td>
    </tr></table>
</td>
                                </tr>
</table>
</td>
                    </tr>
<tr>
<td style="font-family: Avenir, Helvetica, sans-serif; box-sizing: border-box;">
        <table class="footer" align="center" width="570" cellpadding="0" cellspacing="0" style="font-family: Avenir, Helvetica, sans-serif; box-sizing: border-box; margin: 0 auto; padding: 0; text-align: center; width: 570px; -premailer-cellpadding: 0; -premailer-cellspacing: 0; -premailer-width: 570px;"><tr>
<td class="content-cell" align="center" style="font-family: Avenir, Helvetica, sans-serif; box-sizing: border-box; padding: 35px;">
                    <p style="font-family: Avenir, Helvetica, sans-serif; box-sizing: border-box; line-height: 1.5em; margin-top: 0; color: #AEAEAE; font-size: 12px; text-align: center;">© 2019 LaraBBS. 版本所有。</p>
                </td>
            </tr></table>
</td>
</tr>
</table>
</td>
        </tr></table>
</body>
</html>

Content-Type: text/plain; charset=utf-8
Content-Transfer-Encoding: quoted-printable

[LaraBBS](http://larabbs.test)

# 您好：

您收到此电子邮件是因为我们收到了您帐户的密码重设请求。

重设密码: http://larabbs.test/password/reset/74ac4b07e71da7583c7d98f82c5ee141efb10ea1217959c696dbce7a267c8600

This password reset link will expire in 60 minutes.

如果您未申请重设密码，请忽略此邮件。

致敬,LaraBBS

如果您点击「重设密码」按钮时出现问题，请复制下方链接到浏览器中开启： [http://larabbs.test/password/reset/74ac4b07e71da7583c7d98f82c5ee141efb10ea1217959c696dbce7a267c8600](http://larabbs.test/password/reset/74ac4b07e71da7583c7d98f82c5ee141efb10ea1217959c696dbce7a267c8600)

© 2019 LaraBBS. 版本所有。
  
